Picked up JAVA_TOOL_OPTIONS: -XX:hashCode=1 -javaagent:/home/ecelrc/students/yxiong/RV-Predict/Java/lib/rv-predict.jar='--base-log-dir /misc/scratch/sftwtest/SoftwareTestingTermProject/Real_World_Projects//RV-Predict/dbcp --log-dirname dbcp'

----------------Instrumented execution to record the trace-----------------
[RV-Predict] Log directory: /misc/scratch/sftwtest/SoftwareTestingTermProject/Real_World_Projects/RV-Predict/dbcp/dbcp
[RV-Predict] Finished retransforming preloaded classes.
[INFO] Scanning for projects...
[INFO] 
[INFO] ------------------------------------------------------------------------
[INFO] Building Apache Commons DBCP 2.9.0
[INFO] ------------------------------------------------------------------------
[INFO] 
[INFO] --- maven-clean-plugin:3.1.0:clean (default-clean) @ commons-dbcp2 ---
[INFO] Deleting /misc/scratch/sftwtest/SoftwareTestingTermProject/Real_World_Projects/dataset/dbcp/commons-dbcp2-2.9.0-src/target
[INFO] 
[INFO] --- maven-enforcer-plugin:3.0.0-M3:enforce (enforce-maven-version) @ commons-dbcp2 ---
[INFO] 
[INFO] --- maven-enforcer-plugin:3.0.0-M3:enforce (enforce-maven-3) @ commons-dbcp2 ---
[INFO] 
[INFO] --- apache-rat-plugin:0.13:check (rat-check) @ commons-dbcp2 ---
[INFO] Enabled default license matchers.
[INFO] Will parse SCM ignores for exclusions...
[INFO] Finished adding exclusions from SCM ignore files.
[INFO] 62 implicit excludes (use -debug for more details).
[INFO] 9 explicit excludes (use -debug for more details).
[INFO] 178 resources included (use -debug for more details)
[INFO] Rat check: Summary over all files. Unapproved: 0, unknown: 0, generated: 0, approved: 161 licenses.
[INFO] 
[INFO] --- build-helper-maven-plugin:3.2.0:parse-version (parse-version) @ commons-dbcp2 ---
[INFO] 
[INFO] --- maven-antrun-plugin:1.8:run (javadoc.resources) @ commons-dbcp2 ---
[INFO] Executing tasks

main:
     [copy] Copying 2 files to /misc/scratch/sftwtest/SoftwareTestingTermProject/Real_World_Projects/dataset/dbcp/commons-dbcp2-2.9.0-src/target/apidocs/META-INF
[INFO] Executed tasks
[INFO] 
[INFO] --- maven-remote-resources-plugin:1.7.0:process (process-resource-bundles) @ commons-dbcp2 ---
[INFO] Skipping remote resources execution.
[INFO] 
[INFO] --- buildnumber-maven-plugin:1.4:create (default) @ commons-dbcp2 ---
[INFO] Executing: /bin/sh -c cd '/misc/scratch/sftwtest/SoftwareTestingTermProject/Real_World_Projects/dataset/dbcp/commons-dbcp2-2.9.0-src' && 'git' 'rev-parse' '--verify' 'HEAD'
[INFO] Working directory: /misc/scratch/sftwtest/SoftwareTestingTermProject/Real_World_Projects/dataset/dbcp/commons-dbcp2-2.9.0-src
[INFO] Storing buildNumber: 125c607bb23e6d2c75af9b5b81a419e9927e3ae0 at timestamp: 1669240975094
[INFO] Storing buildScmBranch: main
[INFO] 
[INFO] --- maven-resources-plugin:3.1.0:resources (default-resources) @ commons-dbcp2 ---
[INFO] Using 'UTF-8' encoding to copy filtered resources.
[INFO] Copying 1 resource
[INFO] Copying 2 resources to META-INF
[INFO] 
[INFO] --- maven-compiler-plugin:3.8.1:compile (default-compile) @ commons-dbcp2 ---
[INFO] Changes detected - recompiling the module!
[INFO] Compiling 66 source files to /misc/scratch/sftwtest/SoftwareTestingTermProject/Real_World_Projects/dataset/dbcp/commons-dbcp2-2.9.0-src/target/classes
[INFO] /misc/scratch/sftwtest/SoftwareTestingTermProject/Real_World_Projects/dataset/dbcp/commons-dbcp2-2.9.0-src/src/main/java/org/apache/commons/dbcp2/datasources/CPDSConnectionFactory.java: Some input files use or override a deprecated API.
[INFO] /misc/scratch/sftwtest/SoftwareTestingTermProject/Real_World_Projects/dataset/dbcp/commons-dbcp2-2.9.0-src/src/main/java/org/apache/commons/dbcp2/datasources/CPDSConnectionFactory.java: Recompile with -Xlint:deprecation for details.
[INFO] 
[INFO] --- maven-bundle-plugin:5.1.1:manifest (bundle-manifest) @ commons-dbcp2 ---
[INFO] ------------------------------------------------------------------------
[INFO] BUILD FAILURE
[INFO] ------------------------------------------------------------------------
[INFO] Total time: 30.349 s
[INFO] Finished at: 2022-11-23T16:03:01-06:00
[INFO] Final Memory: 170M/5055M
[INFO] ------------------------------------------------------------------------
[ERROR] Failed to execute goal org.apache.felix:maven-bundle-plugin:5.1.1:manifest (bundle-manifest) on project commons-dbcp2: Execution bundle-manifest of goal org.apache.felix:maven-bundle-plugin:5.1.1:manifest failed: An API incompatibility was encountered while executing org.apache.felix:maven-bundle-plugin:5.1.1:manifest: java.lang.BootstrapMethodError: java.lang.NoSuchMethodError: aQute.bnd.osgi.Processor.lambda$static$2(Ljava/lang/Runnable;Ljava/util/concurrent/ThreadPoolExecutor;)V
[ERROR] -----------------------------------------------------
[ERROR] realm =    plugin>org.apache.felix:maven-bundle-plugin:5.1.1
[ERROR] strategy = org.codehaus.plexus.classworlds.strategy.SelfFirstStrategy
[ERROR] urls[0] = file:/misc/scratch/sftwtest/mvnRepo/org/apache/felix/maven-bundle-plugin/5.1.1/maven-bundle-plugin-5.1.1.jar
[ERROR] urls[1] = file:/misc/scratch/sftwtest/mvnRepo/biz/aQute/bnd/biz.aQute.bndlib/5.1.2/biz.aQute.bndlib-5.1.2.jar
[ERROR] urls[2] = file:/misc/scratch/sftwtest/mvnRepo/org/osgi/org.osgi.core/6.0.0/org.osgi.core-6.0.0.jar
[ERROR] urls[3] = file:/misc/scratch/sftwtest/mvnRepo/org/apache/felix/org.apache.felix.bundlerepository/1.6.6/org.apache.felix.bundlerepository-1.6.6.jar
[ERROR] urls[4] = file:/misc/scratch/sftwtest/mvnRepo/org/easymock/easymock/2.4/easymock-2.4.jar
[ERROR] urls[5] = file:/misc/scratch/sftwtest/mvnRepo/org/apache/felix/org.apache.felix.utils/1.6.0/org.apache.felix.utils-1.6.0.jar
[ERROR] urls[6] = file:/misc/scratch/sftwtest/mvnRepo/org/osgi/org.osgi.compendium/4.2.0/org.osgi.compendium-4.2.0.jar
[ERROR] urls[7] = file:/misc/scratch/sftwtest/mvnRepo/org/apache/maven/maven-builder-support/3.3.9/maven-builder-support-3.3.9.jar
[ERROR] urls[8] = file:/misc/scratch/sftwtest/mvnRepo/com/google/guava/guava/18.0/guava-18.0.jar
[ERROR] urls[9] = file:/misc/scratch/sftwtest/mvnRepo/org/eclipse/aether/aether-util/1.0.2.v20150114/aether-util-1.0.2.v20150114.jar
[ERROR] urls[10] = file:/misc/scratch/sftwtest/mvnRepo/javax/enterprise/cdi-api/1.0/cdi-api-1.0.jar
[ERROR] urls[11] = file:/misc/scratch/sftwtest/mvnRepo/org/eclipse/sisu/org.eclipse.sisu.inject/0.3.2/org.eclipse.sisu.inject-0.3.2.jar
[ERROR] urls[12] = file:/misc/scratch/sftwtest/mvnRepo/com/google/inject/guice/4.0/guice-4.0-no_aop.jar
[ERROR] urls[13] = file:/misc/scratch/sftwtest/mvnRepo/aopalliance/aopalliance/1.0/aopalliance-1.0.jar
[ERROR] urls[14] = file:/misc/scratch/sftwtest/mvnRepo/org/codehaus/plexus/plexus-interpolation/1.21/plexus-interpolation-1.21.jar
[ERROR] urls[15] = file:/misc/scratch/sftwtest/mvnRepo/org/codehaus/plexus/plexus-component-annotations/1.6/plexus-component-annotations-1.6.jar
[ERROR] urls[16] = file:/misc/scratch/sftwtest/mvnRepo/org/sonatype/plexus/plexus-sec-dispatcher/1.3/plexus-sec-dispatcher-1.3.jar
[ERROR] urls[17] = file:/misc/scratch/sftwtest/mvnRepo/org/sonatype/plexus/plexus-cipher/1.4/plexus-cipher-1.4.jar
[ERROR] urls[18] = file:/misc/scratch/sftwtest/mvnRepo/org/apache/commons/commons-lang3/3.4/commons-lang3-3.4.jar
[ERROR] urls[19] = file:/misc/scratch/sftwtest/mvnRepo/org/apache/maven/reporting/maven-reporting-api/3.0/maven-reporting-api-3.0.jar
[ERROR] urls[20] = file:/misc/scratch/sftwtest/mvnRepo/org/apache/maven/maven-archiver/3.5.0/maven-archiver-3.5.0.jar
[ERROR] urls[21] = file:/misc/scratch/sftwtest/mvnRepo/org/apache/maven/shared/maven-shared-utils/3.2.1/maven-shared-utils-3.2.1.jar
[ERROR] urls[22] = file:/misc/scratch/sftwtest/mvnRepo/commons-io/commons-io/2.5/commons-io-2.5.jar
[ERROR] urls[23] = file:/misc/scratch/sftwtest/mvnRepo/org/codehaus/plexus/plexus-archiver/4.2.0/plexus-archiver-4.2.0.jar
[ERROR] urls[24] = file:/misc/scratch/sftwtest/mvnRepo/org/codehaus/plexus/plexus-io/3.2.0/plexus-io-3.2.0.jar
[ERROR] urls[25] = file:/misc/scratch/sftwtest/mvnRepo/org/apache/commons/commons-compress/1.19/commons-compress-1.19.jar
[ERROR] urls[26] = file:/misc/scratch/sftwtest/mvnRepo/org/iq80/snappy/snappy/0.4/snappy-0.4.jar
[ERROR] urls[27] = file:/misc/scratch/sftwtest/mvnRepo/org/tukaani/xz/1.8/xz-1.8.jar
[ERROR] urls[28] = file:/misc/scratch/sftwtest/mvnRepo/org/apache/maven/shared/maven-dependency-tree/3.0/maven-dependency-tree-3.0.jar
[ERROR] urls[29] = file:/misc/scratch/sftwtest/mvnRepo/org/codehaus/plexus/plexus-utils/3.3.0/plexus-utils-3.3.0.jar
[ERROR] urls[30] = file:/misc/scratch/sftwtest/mvnRepo/org/sonatype/plexus/plexus-build-api/0.0.7/plexus-build-api-0.0.7.jar
[ERROR] urls[31] = file:/misc/scratch/sftwtest/mvnRepo/org/apache/maven/doxia/doxia-sink-api/1.0/doxia-sink-api-1.0.jar
[ERROR] urls[32] = file:/misc/scratch/sftwtest/mvnRepo/org/apache/maven/doxia/doxia-site-renderer/1.0/doxia-site-renderer-1.0.jar
[ERROR] urls[33] = file:/misc/scratch/sftwtest/mvnRepo/org/apache/maven/doxia/doxia-core/1.0/doxia-core-1.0.jar
[ERROR] urls[34] = file:/misc/scratch/sftwtest/mvnRepo/org/codehaus/plexus/plexus-i18n/1.0-beta-7/plexus-i18n-1.0-beta-7.jar
[ERROR] urls[35] = file:/misc/scratch/sftwtest/mvnRepo/junit/junit/3.8.1/junit-3.8.1.jar
[ERROR] urls[36] = file:/misc/scratch/sftwtest/mvnRepo/org/codehaus/plexus/plexus-velocity/1.1.7/plexus-velocity-1.1.7.jar
[ERROR] urls[37] = file:/misc/scratch/sftwtest/mvnRepo/org/apache/velocity/velocity/1.5/velocity-1.5.jar
[ERROR] urls[38] = file:/misc/scratch/sftwtest/mvnRepo/commons-lang/commons-lang/2.1/commons-lang-2.1.jar
[ERROR] urls[39] = file:/misc/scratch/sftwtest/mvnRepo/oro/oro/2.0.8/oro-2.0.8.jar
[ERROR] urls[40] = file:/misc/scratch/sftwtest/mvnRepo/org/apache/maven/doxia/doxia-decoration-model/1.0/doxia-decoration-model-1.0.jar
[ERROR] urls[41] = file:/misc/scratch/sftwtest/mvnRepo/commons-collections/commons-collections/3.2/commons-collections-3.2.jar
[ERROR] urls[42] = file:/misc/scratch/sftwtest/mvnRepo/org/apache/maven/doxia/doxia-module-apt/1.0/doxia-module-apt-1.0.jar
[ERROR] urls[43] = file:/misc/scratch/sftwtest/mvnRepo/org/apache/maven/doxia/doxia-module-fml/1.0/doxia-module-fml-1.0.jar
[ERROR] urls[44] = file:/misc/scratch/sftwtest/mvnRepo/org/apache/maven/doxia/doxia-module-xdoc/1.0/doxia-module-xdoc-1.0.jar
[ERROR] urls[45] = file:/misc/scratch/sftwtest/mvnRepo/org/apache/maven/doxia/doxia-module-xhtml/1.0/doxia-module-xhtml-1.0.jar
[ERROR] urls[46] = file:/misc/scratch/sftwtest/mvnRepo/org/jdom/jdom/1.1/jdom-1.1.jar
[ERROR] Number of foreign imports: 1
[ERROR] import: Entry[import  from realm ClassRealm[maven.api, parent: null]]
[ERROR] 
[ERROR] -----------------------------------------------------
[ERROR] 
[ERROR] -> [Help 1]
[ERROR] 
[ERROR] To see the full stack trace of the errors, re-run Maven with the -e switch.
[ERROR] Re-run Maven using the -X switch to enable full debug logging.
[ERROR] 
[ERROR] For more information about the errors and possible solutions, please read the following articles:
[ERROR] [Help 1] http://cwiki.apache.org/confluence/display/MAVEN/PluginContainerException
No races found.
