[WARNING] 
[WARNING] Some problems were encountered while building the effective settings
[WARNING] Unrecognised tag: 'blocked' (position: START_TAG seen ...</url>\r\n      <blocked>... @164:16)  @ /home/ecelrc/students/ztang/.m2/settings.xml, line 164, column 16
[WARNING] 
[INFO] Scanning for projects...
[WARNING] 
[WARNING] Some problems were encountered while building the effective model for org.apache.commons:commons-dbcp2:jar:2.9.0
[WARNING] 'build.pluginManagement.plugins.plugin.(groupId:artifactId)' must be unique but found duplicate declaration of plugin com.github.spotbugs:spotbugs-maven-plugin @ line 406, column 17
[WARNING] 
[WARNING] It is highly recommended to fix these problems because they threaten the stability of your build.
[WARNING] 
[WARNING] For this reason, future Maven versions might no longer support building such malformed projects.
[WARNING] 
[INFO] 
[INFO] ------------------------------------------------------------------------
[INFO] Building Apache Commons DBCP 2.9.0
[INFO] ------------------------------------------------------------------------
[INFO] 
[INFO] --- maven-enforcer-plugin:3.0.0-M3:enforce (enforce-maven-version) @ commons-dbcp2 ---
[INFO] 
[INFO] --- maven-enforcer-plugin:3.0.0-M3:enforce (enforce-maven-3) @ commons-dbcp2 ---
[INFO] 
[INFO] --- apache-rat-plugin:0.13:check (rat-check) @ commons-dbcp2 ---
[INFO] Enabled default license matchers.
[INFO] Will parse SCM ignores for exclusions...
[INFO] Finished adding exclusions from SCM ignore files.
[INFO] 62 implicit excludes (use -debug for more details).
[INFO] 9 explicit excludes (use -debug for more details).
[INFO] 178 resources included (use -debug for more details)
[INFO] Rat check: Summary over all files. Unapproved: 0, unknown: 0, generated: 0, approved: 161 licenses.
[INFO] 
[INFO] --- build-helper-maven-plugin:3.2.0:parse-version (parse-version) @ commons-dbcp2 ---
[INFO] 
[INFO] --- maven-antrun-plugin:1.8:run (javadoc.resources) @ commons-dbcp2 ---
[INFO] Executing tasks

main:
[INFO] Executed tasks
[INFO] 
[INFO] --- maven-remote-resources-plugin:1.7.0:process (process-resource-bundles) @ commons-dbcp2 ---
[INFO] Skipping remote resources execution.
[INFO] 
[INFO] --- buildnumber-maven-plugin:1.4:create (default) @ commons-dbcp2 ---
[INFO] Executing: /bin/sh -c cd '/misc/scratch/zttest/22f/projects/commons-dbcp2-2.9.0-src' && 'git' 'rev-parse' '--verify' 'HEAD'
[INFO] Working directory: /misc/scratch/zttest/22f/projects/commons-dbcp2-2.9.0-src
[INFO] Storing buildNumber: ?????? at timestamp: 1669587667439
[WARNING] Cannot get the branch information from the git repository: 
Detecting the current branch failed: fatal: Not a git repository (or any parent up to mount point /misc/scratch)
Stopping at filesystem boundary (GIT_DISCOVERY_ACROSS_FILESYSTEM not set).

[INFO] Executing: /bin/sh -c cd '/misc/scratch/zttest/22f/projects/commons-dbcp2-2.9.0-src' && 'git' 'rev-parse' '--verify' 'HEAD'
[INFO] Working directory: /misc/scratch/zttest/22f/projects/commons-dbcp2-2.9.0-src
[INFO] Storing buildScmBranch: UNKNOWN_BRANCH
[INFO] 
[INFO] --- maven-resources-plugin:3.1.0:resources (default-resources) @ commons-dbcp2 ---
[INFO] Using 'UTF-8' encoding to copy filtered resources.
[INFO] Copying 1 resource
[INFO] Copying 2 resources to META-INF
[INFO] 
[INFO] --- maven-compiler-plugin:3.8.1:compile (default-compile) @ commons-dbcp2 ---
[INFO] Changes detected - recompiling the module!
[INFO] Compiling 66 source files to /misc/scratch/zttest/22f/projects/commons-dbcp2-2.9.0-src/target/classes
[INFO] /misc/scratch/zttest/22f/projects/commons-dbcp2-2.9.0-src/src/main/java/org/apache/commons/dbcp2/BasicDataSource.java: Some input files use or override a deprecated API.
[INFO] /misc/scratch/zttest/22f/projects/commons-dbcp2-2.9.0-src/src/main/java/org/apache/commons/dbcp2/BasicDataSource.java: Recompile with -Xlint:deprecation for details.
[INFO] 
[INFO] --- spotbugs-maven-plugin:4.7.2.1:spotbugs (default-cli) @ commons-dbcp2 ---
[INFO] Fork Value is true
[INFO] Done SpotBugs Analysis....
[INFO] ------------------------------------------------------------------------
[INFO] BUILD SUCCESS
[INFO] ------------------------------------------------------------------------
[INFO] Total time: 17.198 s
[INFO] Finished at: 2022-11-27T16:21:20-06:00
[INFO] Final Memory: 63M/2219M
[INFO] ------------------------------------------------------------------------
