[WARNING] 
[WARNING] Some problems were encountered while building the effective settings
[WARNING] Unrecognised tag: 'blocked' (position: START_TAG seen ...</url>\r\n      <blocked>... @164:16)  @ /home/ecelrc/students/ztang/.m2/settings.xml, line 164, column 16
[WARNING] 
[INFO] Scanning for projects...
[INFO] 
[INFO] ------------------------------------------------------------------------
[INFO] Building jdbc-pool 8.0.15-SNAPSHOT
[INFO] ------------------------------------------------------------------------
[INFO] 
[INFO] --- maven-remote-resources-plugin:1.5:process (default) @ tomcat-jdbc ---
[INFO] 
[INFO] --- maven-resources-plugin:2.6:resources (default-resources) @ tomcat-jdbc ---
[INFO] Using 'UTF-8' encoding to copy filtered resources.
[INFO] skip non existing resourceDirectory /misc/scratch/zttest/22f/projects/tomcat-8.5.84/modules/jdbc-pool/src/main/resources
[INFO] Copying 3 resources
[INFO] 
[INFO] --- maven-compiler-plugin:3.1:compile (default-compile) @ tomcat-jdbc ---
[INFO] Nothing to compile - all classes are up to date
[INFO] 
[INFO] --- spotbugs-maven-plugin:4.7.2.1:spotbugs (default-cli) @ tomcat-jdbc ---
[INFO] Fork Value is true
[INFO] Done SpotBugs Analysis....
[INFO] ------------------------------------------------------------------------
[INFO] BUILD SUCCESS
[INFO] ------------------------------------------------------------------------
[INFO] Total time: 11.544 s
[INFO] Finished at: 2022-11-27T16:18:50-06:00
[INFO] Final Memory: 42M/2336M
[INFO] ------------------------------------------------------------------------
