
----------------Instrumented execution to record the trace-----------------
[RV-Predict] Log directory: /tmp/rv-predict822430083813002454
[RV-Predict] Finished retransforming preloaded classes.
JUnit version 4.11
.E
Time: 0.008
There was 1 failure:
1) initializationError(org.apache.derby.impl.services.reflect.Derby764)
java.lang.NullPointerException
	at com.runtimeverification.rvpredict.runtime.RVPredictRuntime.logInvokeMethod(RVPredictRuntime.java:179)
	at org.powermock.reflect.proxyframework.RegisterProxyFramework.registerProxyFramework(RegisterProxyFramework.java:18)
	at sun.reflect.NativeMethodAccessorImpl.invoke0(Native Method)
	at sun.reflect.NativeMethodAccessorImpl.invoke(NativeMethodAccessorImpl.java:62)
	at sun.reflect.DelegatingMethodAccessorImpl.invoke(DelegatingMethodAccessorImpl.java:43)
	at java.lang.reflect.Method.invoke(Method.java:498)
	at org.powermock.reflect.internal.WhiteboxImpl.performMethodInvocation(WhiteboxImpl.java:2014)
	at org.powermock.reflect.internal.WhiteboxImpl.doInvokeMethod(WhiteboxImpl.java:885)
	at org.powermock.reflect.internal.WhiteboxImpl.invokeMethod(WhiteboxImpl.java:859)
	at org.powermock.reflect.Whitebox.invokeMethod(Whitebox.java:466)
	at org.powermock.tests.utils.impl.AbstractTestSuiteChunkerImpl.registerProxyframework(AbstractTestSuiteChunkerImpl.java:154)
	at org.powermock.tests.utils.impl.AbstractTestSuiteChunkerImpl.chunkClass(AbstractTestSuiteChunkerImpl.java:173)No races found.

	at org.powermock.tests.utils.impl.AbstractTestSuiteChunkerImpl.<init>(AbstractTestSuiteChunkerImpl.java:92)
	at org.powermock.tests.utils.impl.AbstractTestSuiteChunkerImpl.<init>(AbstractTestSuiteChunkerImpl.java:85)
	at org.powermock.modules.junit4.common.internal.impl.JUnit4TestSuiteChunkerImpl.<init>(JUnit4TestSuiteChunkerImpl.java:47)
	at org.powermock.modules.junit4.common.internal.impl.AbstractCommonPowerMockRunner.<init>(AbstractCommonPowerMockRunner.java:32)
	at org.powermock.modules.junit4.PowerMockRunner.<init>(PowerMockRunner.java:33)
	at sun.reflect.NativeConstructorAccessorImpl.newInstance0(Native Method)
	at sun.reflect.NativeConstructorAccessorImpl.newInstance(NativeConstructorAccessorImpl.java:62)
	at sun.reflect.DelegatingConstructorAccessorImpl.newInstance(DelegatingConstructorAccessorImpl.java:45)
	at java.lang.reflect.Constructor.newInstance(Constructor.java:423)
	at org.junit.internal.builders.AnnotatedBuilder.buildRunner(AnnotatedBuilder.java:29)
	at org.junit.internal.builders.AnnotatedBuilder.runnerForClass(AnnotatedBuilder.java:21)
	at org.junit.runners.model.RunnerBuilder.safeRunnerForClass(RunnerBuilder.java:59)
	at org.junit.internal.builders.AllDefaultPossibilitiesBuilder.runnerForClass(AllDefaultPossibilitiesBuilder.java:26)
	at org.junit.runner.Computer.getRunner(Computer.java:40)
	at org.junit.runner.Computer$1.runnerForClass(Computer.java:31)
	at org.junit.runners.model.RunnerBuilder.safeRunnerForClass(RunnerBuilder.java:59)
	at org.junit.runners.model.RunnerBuilder.runners(RunnerBuilder.java:101)
	at org.junit.runners.model.RunnerBuilder.runners(RunnerBuilder.java:87)
	at org.junit.runners.Suite.<init>(Suite.java:80)
	at org.junit.runner.Computer.getSuite(Computer.java:28)
	at org.junit.runner.Request.classes(Request.java:75)
	at org.junit.runner.JUnitCore.run(JUnitCore.java:117)
	at org.junit.runner.JUnitCore.runMain(JUnitCore.java:96)
	at org.junit.runner.JUnitCore.runMainAndExit(JUnitCore.java:47)
	at org.junit.runner.JUnitCore.main(JUnitCore.java:40)

FAILURES!!!
Tests run: 1,  Failures: 1

