
----------------Instrumented execution to record the trace-----------------
[RV-Predict] Log directory: /home/ecelrc/students/yxiong/softwaretesting/JaConTeBe/RV-Predict/test/groovy6
[RV-Predict] Finished retransforming preloaded classes.
********************************
Starting test: groovy4292
Expected bug type: race
This test should finish in 30 seconds.
********************************

starting next loop 1
started.
starting next loop 2
started.
starting next loop 3
started.
A suspicious endless loop is found
One of the probable buggy threads is WorkerThread-3
   at java.util.WeakHashMap.get(WeakHashMap.java:403)
   at com.runtimeverification.rvpredict.runtime.RVPredictRuntime.lambda$rvPredictMapGet$29(RVPredictRuntime.java:918)
   at com.runtimeverification.rvpredict.runtime.RVPredictRuntime$$Lambda$166/273206560.get(Unknown Source)
   at com.runtimeverification.rvpredict.runtime.RVPredictRuntime.logCollectionAccess(RVPredictRuntime.java:1347)
   at com.runtimeverification.rvpredict.runtime.RVPredictRuntime.logCollectionReadAccess(RVPredictRuntime.java:1240)
   at com.runtimeverification.rvpredict.runtime.RVPredictRuntime.rvPredictMapGet(RVPredictRuntime.java:917)
   at org.codehaus.groovy.ast.ClassHelper.makeCached(ClassHelper.java:115)
   at org.codehaus.groovy.ast.Groovy4292$AsyncWeakRef.run(Groovy4292.java:89)
