
----------------Instrumented execution to record the trace-----------------
[RV-Predict] Log directory: /home/ecelrc/students/yxiong/softwaretesting/JaConTeBe/RV-Predict/test/groovy1
[RV-Predict] Finished retransforming preloaded classes.
********************************
Starting test: groovy3495
Expected bug type: race
********************************

java.lang.LinkageError: loader (instance of  org/codehaus/groovy/tools/RootLoader): attempted  duplicate class definition for name: "sun/awt/HKSCS"
	at java.lang.ClassLoader.defineClass1(Native Method)
	at java.lang.ClassLoader.defineClass(ClassLoader.java:756)
	at java.security.SecureClassLoader.defineClass(SecureClassLoader.java:142)
	at java.net.URLClassLoader.defineClass(URLClassLoader.java:473)

Finished test: Bug has been reproduced successfully.
	at java.net.URLClassLoader.access$100(URLClassLoader.java:74)
	at java.net.URLClassLoader$1.run(URLClassLoader.java:369)
	at java.net.URLClassLoader$1.run(URLClassLoader.java:363)
	at java.security.AccessController.doPrivileged(Native Method)
	at java.net.URLClassLoader.findClass(URLClassLoader.java:362)
	at org.codehaus.groovy.tools.RootLoader.oldFindClass(RootLoader.java:152)
	at org.codehaus.groovy.tools.RootLoader.loadClass(RootLoader.java:124)
	at java.lang.ClassLoader.loadClass(ClassLoader.java:351)
	at Groovy3495$1.run(Groovy3495.java:82)
java.lang.LinkageError: loader (instance of  org/codehaus/groovy/tools/RootLoader): attempted  duplicate class definition for name: "sun/awt/HKSCS"
	at java.lang.ClassLoader.defineClass1(Native Method)
	at java.lang.ClassLoader.defineClass(ClassLoader.java:756)
	at java.security.SecureClassLoader.defineClass(SecureClassLoader.java:142)
	at java.net.URLClassLoader.defineClass(URLClassLoader.java:473)
	at java.net.URLClassLoader.access$100(URLClassLoader.java:74)
	at java.net.URLClassLoader$1.run(URLClassLoader.java:369)
	at java.net.URLClassLoader$1.run(URLClassLoader.java:363)
	at java.security.AccessController.doPrivileged(Native Method)
	at java.net.URLClassLoader.findClass(URLClassLoader.java:362)
	at org.codehaus.groovy.tools.RootLoader.oldFindClass(RootLoader.java:152)
	at org.codehaus.groovy.tools.RootLoader.loadClass(RootLoader.java:124)
	at java.lang.ClassLoader.loadClass(ClassLoader.java:351)
	at Groovy3495$1.run(Groovy3495.java:82)
Data race on field Groovy3495.buggy:
    Write in thread 27
      > at Groovy3495.access$102(Groovy3495.java:40)
    Thread 27 created by thread 1
        at Groovy3495.run(Groovy3495.java:94)

    Write in thread 29
      > at Groovy3495.access$102(Groovy3495.java:40)
    Thread 29 created by thread 1
        at Groovy3495.run(Groovy3495.java:94)


