
----------------Instrumented execution to record the trace-----------------
[RV-Predict] Log directory: /home/ecelrc/students/yxiong/softwaretesting/JaConTeBe/RV-Predict/test/jdk6_12
[RV-Predict] Finished retransforming preloaded classes.
********************************
Starting test: jdk6977738
Expected bug type: deadlock
********************************

========Notice!=========
This bug afftecs from JDK1.6.0_10 and  has been fixed since JDK1.7.0.
You may not reproduce the bug as your current environment does not meet the criteria.
========================
Thread 1 ready
Thread 2 ready
#
#Mon Nov 21 17:38:38 CST 2022
java.runtime.name=OpenJDK Runtime Environment
sun.boot.library.path=/usr/lib/jvm/java-1.8.0-openjdk-1.8.0.352.b08-2.el7_9.x86_64/jre/lib/amd64
java.vm.version=25.352-b08
java.vm.vendor=Red Hat, Inc.
java.vendor.url=https\://www.redhat.com/
path.separator=\:
java.vm.name=OpenJDK 64-Bit Server VM
file.encoding.pkg=sun.io
user.country=US
sun.java.launcher=SUN_STANDARD
sun.os.patch.level=unknown
java.vm.specification.name=Java Virtual Machine Specification
user.dir=/home/ecelrc/students/yxiong/softwaretesting/JaConTeBe/dataset/JaConTeBe
java.runtime.version=1.8.0_352-b08
java.awt.graphicsenv=sun.awt.X11GraphicsEnvironment
java.endorsed.dirs=/usr/lib/jvm/java-1.8.0-openjdk-1.8.0.352.b08-2.el7_9.x86_64/jre/lib/endorsed
os.arch=amd64
java.io.tmpdir=/tmp
line.separator=\n
java.vm.specification.vendor=Oracle Corporation
os.name=Linux
sun.jnu.encoding=UTF-8
java.library.path=/usr/local/lib\:/usr/java/packages/lib/amd64\:/usr/lib64\:/lib64\:/lib\:/usr/lib
java.specification.name=Java Platform API Specification
java.class.version=52.0
sun.management.compiler=HotSpot 64-Bit Tiered Compilers
os.version=3.10.0-1160.76.1.el7.x86_64
user.home=/home/ecelrc/students/yxiong/
user.timezone=America/Chicago
java.awt.printerjob=sun.print.PSPrinterJob
file.encoding=UTF-8
java.specification.version=1.8
java.class.path=/home/ecelrc/students/yxiong/softwaretesting/JaConTeBe/dataset/JaConTeBe/versions.alt/lib/jdk6_12.jar\:/home/ecelrc/students/yxiong/softwaretesting/JaConTeBe/RV-Predict/outputs/jdk6_12\:/home/ecelrc/students/yxiong/RV-Predict/Java/lib/rv-predict.jar
user.name=yxiong
java.vm.specification.version=1.8
sun.java.command=Test6977738
java.home=/usr/lib/jvm/java-1.8.0-openjdk-1.8.0.352.b08-2.el7_9.x86_64/jre
sun.arch.data.model=64
user.language=en
java.specification.vendor=Oracle Corporation
awt.toolkit=sun.awt.X11.XToolkit
java.vm.info=mixed mode
java.version=1.8.0_352
java.ext.dirs=/usr/lib/jvm/java-1.8.0-openjdk-1.8.0.352.b08-2.el7_9.x86_64/jre/lib/ext\:/usr/java/packages/lib/ext
property=value
sun.boot.class.path=/usr/lib/jvm/java-1.8.0-openjdk-1.8.0.352.b08-2.el7_9.x86_64/jre/lib/resources.jar\:/usr/lib/jvm/java-1.8.0-openjdk-1.8.0.352.b08-2.el7_9.x86_64/jre/lib/rt.jar\:/usr/lib/jvm/java-1.8.0-openjdk-1.8.0.352.b08-2.el7_9.x86_64/jre/lib/sunrsasign.jar\:/usr/lib/jvm/java-1.8.0-openjdk-1.8.0.352.b08-2.el7_9.x86_64/jre/lib/jsse.jar\:/usr/lib/jvm/java-1.8.0-openjdk-1.8.0.352.b08-2.el7_9.x86_64/jre/lib/jce.jar\:/usr/lib/jvm/java-1.8.0-openjdk-1.8.0.352.b08-2.el7_9.x86_64/jre/lib/charsets.jar\:/usr/lib/jvm/java-1.8.0-openjdk-1.8.0.352.b08-2.el7_9.x86_64/jre/lib/jfr.jar\:/usr/lib/jvm/java-1.8.0-openjdk-1.8.0.352.b08-2.el7_9.x86_64/jre/classes\:/home/ecelrc/students/yxiong/RV-Predict/Java/lib/rv-predict.jar
java.vendor=Red Hat, Inc.
java.specification.maintenance.version=4
file.separator=/
java.vendor.url.bug=https\://bugzilla.redhat.com/enter_bug.cgi?product\=Red%20Hat%20Enterprise%20Linux%207&component\=java-1.8.0-openjdk
sun.io.unicode.encoding=UnicodeLittle
sun.cpu.endian=little
sun.cpu.isalist=
Thread 1 exits
Thread 2 exits

Finished test: Failed to reproduce the bug.
Program has been forced to exit from deadlock.
