
----------------Instrumented execution to record the trace-----------------
[RV-Predict] Log directory: /tmp/rv-predict3972318302655678549
[RV-Predict] Finished retransforming preloaded classes.
********************************
Starting test: log4j38137
Expected bug type: wait-notify deadlock
This test should finish in 30 seconds.
********************************

Bug reproduction fails if there is no forever waiting detected.
detecting forever waiting threads...
detecting forever waiting threads...
========================================================================
Detected suspicious forever waiting bug, all worker threads are waiting:

Thread[main,5,] is waiting:

Thread[Thread-1,5,main] is waiting:
   at sun.misc.Unsafe.park(Native Method) 
   at java.util.concurrent.locks.LockSupport.parkNanos(LockSupport.java:338) 
   at com.runtimeverification.rvpredict.log.VolatileLoggingEngine$BufferCleaner.run(VolatileLoggingEngine.java:545) 

Thread[Dispatcher-Thread-3,1,main] is waiting:
   at java.lang.Object.wait(Native Method) 
   at com.runtimeverification.rvpredict.runtime.RVPredictRuntime.rvPredictWait(RVPredictRuntime.java:216) 
   at com.runtimeverification.rvpredict.runtime.RVPredictRuntime.rvPredictWait(RVPredictRuntime.java:199) 
   at org.apache.log4j.Dispatcher.run(AsyncAppender.java:312) 

Thread[Appender-1,5,] is waiting:
