
----------------Instrumented execution to record the trace-----------------
[RV-Predict] Log directory: /tmp/rv-predict3579789601516731995
[RV-Predict] Finished retransforming preloaded classes.
********************************
Starting test: log4j50463
Expected bug type: deadlock
This test should finish in 30 seconds.
********************************

ERROR - Locking me up
ERROR - Locking me up
ERROR - Locking me up
ERROR - Locking me up
ERROR - Locking me up
Exception in thread "Dispatcher-Thread-3" java.lang.RuntimeException
	at org.apache.log4j.Test50463$1.toString(Test50463.java:107)
	at org.apache.log4j.or.DefaultRenderer.doRender(DefaultRenderer.java:35)
	at org.apache.log4j.or.RendererMap.findAndRender(RendererMap.java:79)
	at org.apache.log4j.spi.LoggingEvent.getRenderedMessage(LoggingEvent.java:297)
	at org.apache.log4j.SimpleLayout.format(SimpleLayout.java:62)
	at org.apache.log4j.WriterAppender.subAppend(WriterAppender.java:301)
	at org.apache.log4j.WriterAppender.append(WriterAppender.java:159)
	at org.apache.log4j.AppenderSkeleton.doAppend(AppenderSkeleton.java:230)
	at org.apache.log4j.helpers.AppenderAttachableImpl.appendLoopOnAppenders(AppenderAttachableImpl.java:65)
	at org.apache.log4j.AsyncAppender$Dispatcher.run(AsyncAppender.java:578)
	at java.lang.Thread.run(Thread.java:750)
ERROR - Locking me up
ERROR - Locking me up
ERROR - Locking me up
ERROR - Locking me up
ERROR - Locking me up
ERROR - Locking me up
ERROR - Locking me up
ERROR - Locking me up
ERROR - Locking me up
ERROR - Locking me up
ERROR - Locking me up
ERROR - Locking me up
ERROR - Locking me up
ERROR - Locking me up
ERROR - Locking me up
ERROR - Locking me up
ERROR - Locking me up
ERROR - Locking me up
ERROR - Locking me up
ERROR - Locking me up
ERROR - Locking me up
ERROR - Locking me up
ERROR - Locking me up
ERROR - Locking me up
ERROR - Locking me up
ERROR - Locking me up
ERROR - Locking me up
ERROR - Locking me up
ERROR - Locking me up
ERROR - Locking me up
ERROR - Locking me up
ERROR - Locking me up
ERROR - Locking me up
ERROR - Locking me up
ERROR - Locking me up
ERROR - Locking me up
ERROR - Locking me up
ERROR - Locking me up
ERROR - Locking me up
ERROR - Locking me up
ERROR - Locking me up
ERROR - Locking me up
ERROR - Locking me up
ERROR - Locking me up
ERROR - Locking me up
ERROR - Locking me up
ERROR - Locking me up
ERROR - Locking me up
ERROR - Locking me up
ERROR - Locking me up
ERROR - Locking me up
ERROR - Locking me up
ERROR - Locking me up
ERROR - Locking me up
ERROR - Locking me up
ERROR - Locking me up
ERROR - Locking me up
ERROR - Locking me up
ERROR - Locking me up
ERROR - Locking me up
ERROR - Locking me up
ERROR - Locking me up
ERROR - Locking me up
ERROR - Locking me up
ERROR - Locking me up
ERROR - Locking me up
ERROR - Locking me up
ERROR - Locking me up
ERROR - Locking me up
ERROR - Locking me up
ERROR - Locking me up
ERROR - Locking me up
ERROR - Locking me up
ERROR - Locking me up
ERROR - Locking me up
ERROR - Locking me up
ERROR - Locking me up
ERROR - Locking me up
ERROR - Locking me up
ERROR - Locking me up
ERROR - Locking me up
ERROR - Locking me up
ERROR - Locking me up
ERROR - Locking me up
ERROR - Locking me up
ERROR - Locking me up
ERROR - Locking me up
ERROR - Locking me up
ERROR - Locking me up
ERROR - Locking me up
ERROR - Locking me up
ERROR - Locking me up
ERROR - Locking me up
ERROR - Locking me up
ERROR - Locking me up
ERROR - Locking me up
ERROR - Locking me up
ERROR - Locking me up
ERROR - Locking me up
ERROR - Locking me up
ERROR - Locking me up
ERROR - Locking me up
ERROR - Locking me up
ERROR - Locking me up
ERROR - Locking me up
ERROR - Locking me up
ERROR - Locking me up
ERROR - Locking me up
ERROR - Locking me up
ERROR - Locking me up
ERROR - Locking me up
ERROR - Locking me up
ERROR - Locking me up
ERROR - Locking me up
ERROR - Locking me up
ERROR - Locking me up
ERROR - Locking me up
ERROR - Locking me up
ERROR - Locking me up
ERROR - Locking me up
ERROR - Locking me up
ERROR - Locking me up
ERROR - Locking me up
ERROR - Locking me up
ERROR - Locking me up
ERROR - Locking me up
ERROR - Locking me up
ERROR - Locking me up
ERROR - Locking me up
ERROR - Locking me up
ERROR - Locking me up
ERROR - Locking me up
ERROR - Locking me up
ERROR - Locking me up
ERROR - Locking me up
ERROR - Locking me up
ERROR - Locking me up
ERROR - Locking me up
ERROR - Locking me up
ERROR - Locking me up
ERROR - Locking me up
ERROR - Locking me up
ERROR - Locking me up
ERROR - Locking me up
ERROR - Locking me up
ERROR - Locking me up
ERROR - Locking me up
ERROR - Locking me up
ERROR - Locking me up
ERROR - Locking me up
ERROR - Locking me up
ERROR - Locking me up
ERROR - Locking me up
ERROR - Locking me up
ERROR - Locking me up
ERROR - Locking me up
ERROR - Locking me up
ERROR - Locking me up
ERROR - Locking me up
ERROR - Locking me up
ERROR - Locking me up
ERROR - Locking me up
ERROR - Locking me up
ERROR - Locking me up
ERROR - Locking me up
ERROR - Locking me up
ERROR - Locking me up
ERROR - Locking me up
ERROR - Locking me up
ERROR - Locking me up
ERROR - Locking me up
ERROR - Locking me up
ERROR - Locking me up
ERROR - Locking me up
ERROR - Locking me up
ERROR - Locking me up
ERROR - Locking me up
ERROR - Locking me up
ERROR - Locking me up
ERROR - Locking me up
ERROR - Locking me up
ERROR - Locking me up
ERROR - Locking me up
ERROR - Locking me up
ERROR - Locking me up
ERROR - Locking me up
ERROR - Locking me up
ERROR - Locking me up
ERROR - Locking me up
ERROR - Locking me up
ERROR - Locking me up
ERROR - Locking me up
ERROR - Locking me up
ERROR - Locking me up
ERROR - Locking me up
ERROR - Locking me up
ERROR - Locking me up
ERROR - Locking me up
ERROR - Locking me up
ERROR - Locking me up
ERROR - Locking me up
ERROR - Locking me up
ERROR - Locking me up
ERROR - Locking me up
ERROR - Locking me up
ERROR - Locking me up
ERROR - Locking me up
ERROR - Locking me up
ERROR - Locking me up
ERROR - Locking me up
ERROR - Locking me up
ERROR - Locking me up
ERROR - Locking me up
ERROR - Locking me up
ERROR - Locking me up
ERROR - Locking me up
ERROR - Locking me up
ERROR - Locking me up
ERROR - Locking me up
ERROR - Locking me up
ERROR - Locking me up
ERROR - Locking me up
ERROR - Locking me up
ERROR - Locking me up
ERROR - Locking me up
ERROR - Locking me up
ERROR - Locking me up
ERROR - Locking me up
ERROR - Locking me up
ERROR - Locking me up
ERROR - Locking me up
ERROR - Locking me up
ERROR - Locking me up
ERROR - Locking me up
ERROR - Locking me up
ERROR - Locking me up
ERROR - Locking me up
ERROR - Locking me up
ERROR - Locking me up
ERROR - Locking me up
ERROR - Locking me up
ERROR - Locking me up
ERROR - Locking me up
ERROR - Locking me up
ERROR - Locking me up
ERROR - Locking me up
ERROR - Locking me up
ERROR - Locking me up
ERROR - Locking me up
ERROR - Locking me up
ERROR - Locking me up
ERROR - Locking me up
ERROR - Locking me up
ERROR - Locking me up
ERROR - Locking me up
ERROR - Locking me up
ERROR - Locking me up
ERROR - Locking me up
ERROR - Locking me up
ERROR - Locking me up
ERROR - Locking me up
ERROR - Locking me up
ERROR - Locking me up
ERROR - Locking me up
ERROR - Locking me up
ERROR - Locking me up
ERROR - Locking me up
ERROR - Locking me up
ERROR - Locking me up
ERROR - Locking me up
ERROR - Locking me up
ERROR - Locking me up
ERROR - Locking me up
ERROR - Locking me up
ERROR - Locking me up
ERROR - Locking me up
ERROR - Locking me up
ERROR - Locking me up
ERROR - Locking me up
ERROR - Locking me up
ERROR - Locking me up
ERROR - Locking me up
ERROR - Locking me up
ERROR - Locking me up
ERROR - Locking me up
ERROR - Locking me up
ERROR - Locking me up
ERROR - Locking me up
ERROR - Locking me up
ERROR - Locking me up
ERROR - Locking me up
ERROR - Locking me up
ERROR - Locking me up
ERROR - Locking me up
ERROR - Locking me up
ERROR - Locking me up
ERROR - Locking me up
ERROR - Locking me up
ERROR - Locking me up
ERROR - Locking me up
ERROR - Locking me up
ERROR - Locking me up
ERROR - Locking me up
ERROR - Locking me up
ERROR - Locking me up
ERROR - Locking me up
ERROR - Locking me up
ERROR - Locking me up
ERROR - Locking me up
ERROR - Locking me up
ERROR - Locking me up
ERROR - Locking me up
ERROR - Locking me up
ERROR - Locking me up
ERROR - Locking me up
ERROR - Locking me up
ERROR - Locking me up
ERROR - Locking me up
ERROR - Locking me up
ERROR - Locking me up
ERROR - Locking me up
ERROR - Locking me up
ERROR - Locking me up
ERROR - Locking me up
ERROR - Locking me up
ERROR - Locking me up
ERROR - Locking me up
ERROR - Locking me up
ERROR - Locking me up
ERROR - Locking me up
ERROR - Locking me up
ERROR - Locking me up
ERROR - Locking me up
ERROR - Locking me up
ERROR - Locking me up
ERROR - Locking me up
ERROR - Locking me up
ERROR - Locking me up
ERROR - Locking me up
ERROR - Locking me up
ERROR - Locking me up
ERROR - Locking me up
ERROR - Locking me up
ERROR - Locking me up
ERROR - Locking me up
ERROR - Locking me up
ERROR - Locking me up
ERROR - Locking me up
ERROR - Locking me up
ERROR - Locking me up
ERROR - Locking me up
ERROR - Locking me up
ERROR - Locking me up
ERROR - Locking me up
ERROR - Locking me up
ERROR - Locking me up
ERROR - Locking me up
ERROR - Locking me up
ERROR - Locking me up
ERROR - Locking me up
ERROR - Locking me up
ERROR - Locking me up
ERROR - Locking me up
ERROR - Locking me up
ERROR - Locking me up
ERROR - Locking me up
ERROR - Locking me up
ERROR - Locking me up
ERROR - Locking me up
ERROR - Locking me up
ERROR - Locking me up
ERROR - Locking me up
ERROR - Locking me up
ERROR - Locking me up
ERROR - Locking me up
ERROR - Locking me up
ERROR - Locking me up
ERROR - Locking me up
ERROR - Locking me up
ERROR - Locking me up
ERROR - Locking me up
ERROR - Locking me up
ERROR - Locking me up
ERROR - Locking me up
ERROR - Locking me up
ERROR - Locking me up
ERROR - Locking me up
ERROR - Locking me up
ERROR - Locking me up
ERROR - Locking me up
ERROR - Locking me up
ERROR - Locking me up
ERROR - Locking me up
ERROR - Locking me up
ERROR - Locking me up
ERROR - Locking me up
ERROR - Locking me up
ERROR - Locking me up
ERROR - Locking me up
ERROR - Locking me up
ERROR - Locking me up
ERROR - Locking me up
ERROR - Locking me up
ERROR - Locking me up
ERROR - Locking me up
ERROR - Locking me up
ERROR - Locking me up
ERROR - Locking me up
ERROR - Locking me up
ERROR - Locking me up
ERROR - Locking me up
ERROR - Locking me up
ERROR - Locking me up
ERROR - Locking me up
ERROR - Locking me up
ERROR - Locking me up
ERROR - Locking me up
ERROR - Locking me up
ERROR - Locking me up
ERROR - Locking me up
ERROR - Locking me up
ERROR - Locking me up
ERROR - Locking me up
ERROR - Locking me up
ERROR - Locking me up
ERROR - Locking me up
ERROR - Locking me up
ERROR - Locking me up
ERROR - Locking me up
ERROR - Locking me up
ERROR - Locking me up
ERROR - Locking me up
ERROR - Locking me up
ERROR - Locking me up
ERROR - Locking me up
ERROR - Locking me up
ERROR - Locking me up
ERROR - Locking me up
ERROR - Locking me up
ERROR - Locking me up
ERROR - Locking me up
ERROR - Locking me up
ERROR - Locking me up
ERROR - Locking me up
ERROR - Locking me up
ERROR - Locking me up
ERROR - Locking me up
ERROR - Locking me up
ERROR - Locking me up
ERROR - Locking me up
ERROR - Locking me up
ERROR - Locking me up
ERROR - Locking me up
ERROR - Locking me up
ERROR - Locking me up
ERROR - Locking me up
ERROR - Locking me up
ERROR - Locking me up
ERROR - Locking me up
ERROR - Locking me up
ERROR - Locking me up
ERROR - Locking me up
ERROR - Locking me up
ERROR - Locking me up
ERROR - Locking me up
ERROR - Locking me up
ERROR - Locking me up
ERROR - Locking me up
ERROR - Locking me up
ERROR - Locking me up
ERROR - Locking me up
ERROR - Locking me up
ERROR - Locking me up
ERROR - Locking me up
ERROR - Locking me up
ERROR - Locking me up
ERROR - Locking me up
ERROR - Locking me up
ERROR - Locking me up
ERROR - Locking me up
ERROR - Locking me up
ERROR - Locking me up
ERROR - Locking me up
ERROR - Locking me up
ERROR - Locking me up
ERROR - Locking me up
ERROR - Locking me up
ERROR - Locking me up
ERROR - Locking me up
ERROR - Locking me up
ERROR - Locking me up
ERROR - Locking me up
ERROR - Locking me up
ERROR - Locking me up
ERROR - Locking me up
ERROR - Locking me up
ERROR - Locking me up
ERROR - Locking me up
ERROR - Locking me up
ERROR - Locking me up
ERROR - Locking me up
ERROR - Locking me up
ERROR - Locking me up
ERROR - Locking me up
ERROR - Locking me up
ERROR - Locking me up
ERROR - Locking me up
ERROR - Locking me up
ERROR - Locking me up
ERROR - Locking me up
ERROR - Locking me up
ERROR - Locking me up
ERROR - Locking me up
ERROR - Locking me up
ERROR - Locking me up
ERROR - Locking me up
ERROR - Locking me up
ERROR - Locking me up
ERROR - Locking me up
ERROR - Locking me up
ERROR - Locking me up
ERROR - Locking me up
ERROR - Locking me up
ERROR - Locking me up
ERROR - Locking me up
ERROR - Locking me up
ERROR - Locking me up
ERROR - Locking me up
ERROR - Locking me up
ERROR - Locking me up
ERROR - Locking me up
ERROR - Locking me up
ERROR - Locking me up
ERROR - Locking me up
ERROR - Locking me up
ERROR - Locking me up
ERROR - Locking me up
ERROR - Locking me up
ERROR - Locking me up
ERROR - Locking me up
ERROR - Locking me up
ERROR - Locking me up
ERROR - Locking me up
ERROR - Locking me up
ERROR - Locking me up
ERROR - Locking me up
ERROR - Locking me up
ERROR - Locking me up
ERROR - Locking me up
ERROR - Locking me up
ERROR - Locking me up
ERROR - Locking me up
ERROR - Locking me up
ERROR - Locking me up
ERROR - Locking me up
ERROR - Locking me up
ERROR - Locking me up
ERROR - Locking me up
ERROR - Locking me up
ERROR - Locking me up
ERROR - Locking me up
ERROR - Locking me up
ERROR - Locking me up
ERROR - Locking me up
ERROR - Locking me up
ERROR - Locking me up
ERROR - Locking me up
ERROR - Locking me up
ERROR - Locking me up
ERROR - Locking me up
ERROR - Locking me up
ERROR - Locking me up
ERROR - Locking me up
ERROR - Locking me up
ERROR - Locking me up
ERROR - Locking me up
ERROR - Locking me up
ERROR - Locking me up
ERROR - Locking me up
ERROR - Locking me up
ERROR - Locking me up
ERROR - Locking me up
ERROR - Locking me up
ERROR - Locking me up
ERROR - Locking me up
ERROR - Locking me up
ERROR - Locking me up
ERROR - Locking me up
ERROR - Locking me up
ERROR - Locking me up
ERROR - Locking me up
ERROR - Locking me up
ERROR - Locking me up
ERROR - Locking me up
ERROR - Locking me up
ERROR - Locking me up
ERROR - Locking me up
ERROR - Locking me up
ERROR - Locking me up
ERROR - Locking me up
ERROR - Locking me up
ERROR - Locking me up
ERROR - Locking me up
ERROR - Locking me up
ERROR - Locking me up
ERROR - Locking me up
ERROR - Locking me up
ERROR - Locking me up
ERROR - Locking me up
ERROR - Locking me up
ERROR - Locking me up
ERROR - Locking me up
ERROR - Locking me up
ERROR - Locking me up
ERROR - Locking me up
ERROR - Locking me up
ERROR - Locking me up
ERROR - Locking me up
ERROR - Locking me up
ERROR - Locking me up
ERROR - Locking me up
ERROR - Locking me up
ERROR - Locking me up
ERROR - Locking me up
ERROR - Locking me up
ERROR - Locking me up
ERROR - Locking me up
ERROR - Locking me up
ERROR - Locking me up
ERROR - Locking me up
ERROR - Locking me up
ERROR - Locking me up
ERROR - Locking me up
ERROR - Locking me up
ERROR - Locking me up
ERROR - Locking me up
ERROR - Locking me up
ERROR - Locking me up
ERROR - Locking me up
ERROR - Locking me up
ERROR - Locking me up
ERROR - Locking me up
ERROR - Locking me up
ERROR - Locking me up
ERROR - Locking me up
ERROR - Locking me up
ERROR - Locking me up
ERROR - Locking me up
ERROR - Locking me up
ERROR - Locking me up
ERROR - Locking me up
ERROR - Locking me up
ERROR - Locking me up
ERROR - Locking me up
ERROR - Locking me up
ERROR - Locking me up
ERROR - Locking me up
ERROR - Locking me up
ERROR - Locking me up
ERROR - Locking me up
ERROR - Locking me up
ERROR - Locking me up
ERROR - Locking me up
ERROR - Locking me up
ERROR - Locking me up
ERROR - Locking me up
ERROR - Locking me up
ERROR - Locking me up
ERROR - Locking me up
ERROR - Locking me up
ERROR - Locking me up
ERROR - Locking me up
ERROR - Locking me up
ERROR - Locking me up
ERROR - Locking me up
ERROR - Locking me up
ERROR - Locking me up
ERROR - Locking me up
ERROR - Locking me up
ERROR - Locking me up
ERROR - Locking me up
ERROR - Locking me up
ERROR - Locking me up
ERROR - Locking me up
ERROR - Locking me up
ERROR - Locking me up
ERROR - Locking me up
ERROR - Locking me up
ERROR - Locking me up
ERROR - Locking me up
ERROR - Locking me up
ERROR - Locking me up
ERROR - Locking me up
ERROR - Locking me up
ERROR - Locking me up
ERROR - Locking me up
ERROR - Locking me up
ERROR - Locking me up
ERROR - Locking me up
ERROR - Locking me up
ERROR - Locking me up
ERROR - Locking me up
ERROR - Locking me up
ERROR - Locking me up
ERROR - Locking me up
ERROR - Locking me up
ERROR - Locking me up
ERROR - Locking me up
ERROR - Locking me up
ERROR - Locking me up
ERROR - Locking me up
ERROR - Locking me up
ERROR - Locking me up
ERROR - Locking me up
ERROR - Locking me up
ERROR - Locking me up
ERROR - Locking me up
ERROR - Locking me up
ERROR - Locking me up
ERROR - Locking me up
ERROR - Locking me up
ERROR - Locking me up
ERROR - Locking me up
ERROR - Locking me up
ERROR - Locking me up
ERROR - Locking me up
ERROR - Locking me up
ERROR - Locking me up
ERROR - Locking me up
ERROR - Locking me up
ERROR - Locking me up
ERROR - Locking me up
ERROR - Locking me up
ERROR - Locking me up
ERROR - Locking me up
ERROR - Locking me up
ERROR - Locking me up
ERROR - Locking me up
ERROR - Locking me up
ERROR - Locking me up
ERROR - Locking me up
ERROR - Locking me up
ERROR - Locking me up
ERROR - Locking me up
ERROR - Locking me up
ERROR - Locking me up
ERROR - Locking me up
ERROR - Locking me up
ERROR - Locking me up
ERROR - Locking me up
ERROR - Locking me up
ERROR - Locking me up
ERROR - Locking me up
ERROR - Locking me up
ERROR - Locking me up
ERROR - Locking me up
ERROR - Locking me up
ERROR - Locking me up
ERROR - Locking me up
ERROR - Locking me up
ERROR - Locking me up
ERROR - Locking me up
ERROR - Locking me up
ERROR - Locking me up
ERROR - Locking me up
ERROR - Locking me up
ERROR - Locking me up
ERROR - Locking me up
ERROR - Locking me up
ERROR - Locking me up
ERROR - Locking me up
ERROR - Locking me up
ERROR - Locking me up
ERROR - Locking me up
ERROR - Locking me up
ERROR - Locking me up
ERROR - Locking me up
ERROR - Locking me up
ERROR - Locking me up
ERROR - Locking me up
ERROR - Locking me up
ERROR - Locking me up
ERROR - Locking me up
ERROR - Locking me up
ERROR - Locking me up
ERROR - Locking me up
ERROR - Locking me up
ERROR - Locking me up
ERROR - Locking me up
ERROR - Locking me up
ERROR - Locking me up
ERROR - Locking me up
ERROR - Locking me up
ERROR - Locking me up
ERROR - Locking me up
ERROR - Locking me up
ERROR - Locking me up
ERROR - Locking me up
ERROR - Locking me up
ERROR - Locking me up
ERROR - Locking me up
ERROR - Locking me up
ERROR - Locking me up
ERROR - Locking me up
ERROR - Locking me up
ERROR - Locking me up
ERROR - Locking me up
ERROR - Locking me up
ERROR - Locking me up
ERROR - Locking me up
ERROR - Locking me up
ERROR - Locking me up
ERROR - Locking me up
ERROR - Locking me up
ERROR - Locking me up
ERROR - Locking me up
ERROR - Locking me up
ERROR - Locking me up
ERROR - Locking me up
ERROR - Locking me up
ERROR - Locking me up
ERROR - Locking me up
ERROR - Locking me up
ERROR - Locking me up
ERROR - Locking me up
ERROR - Locking me up
ERROR - Locking me up
ERROR - Locking me up
ERROR - Locking me up
ERROR - Locking me up
ERROR - Locking me up
ERROR - Locking me up
ERROR - Locking me up
ERROR - Locking me up
ERROR - Locking me up
ERROR - Locking me up
ERROR - Locking me up
ERROR - Locking me up
ERROR - Locking me up
ERROR - Locking me up
ERROR - Locking me up
ERROR - Locking me up
ERROR - Locking me up
ERROR - Locking me up
ERROR - Locking me up
ERROR - Locking me up
ERROR - Locking me up
ERROR - Locking me up
ERROR - Locking me up
ERROR - Locking me up
ERROR - Locking me up
ERROR - Locking me up
ERROR - Locking me up
ERROR - Locking me up
ERROR - Locking me up
ERROR - Locking me up
ERROR - Locking me up
ERROR - Locking me up
ERROR - Locking me up
ERROR - Locking me up
ERROR - Locking me up
ERROR - Locking me up
ERROR - Locking me up
ERROR - Locking me up
ERROR - Locking me up
ERROR - Locking me up
ERROR - Locking me up
ERROR - Locking me up
ERROR - Locking me up
ERROR - Locking me up
ERROR - Locking me up
ERROR - Locking me up
ERROR - Locking me up
ERROR - Locking me up
ERROR - Locking me up
ERROR - Locking me up
ERROR - Locking me up
ERROR - Locking me up
ERROR - Locking me up
ERROR - Locking me up
ERROR - Locking me up
ERROR - Locking me up
ERROR - Locking me up
ERROR - Locking me up
ERROR - Locking me up
ERROR - Locking me up
ERROR - Locking me up
ERROR - Locking me up
ERROR - Locking me up
ERROR - Locking me up
ERROR - Locking me up
ERROR - Locking me up
ERROR - Locking me up
ERROR - Locking me up
ERROR - Locking me up
ERROR - Locking me up
ERROR - Locking me up
ERROR - Locking me up
ERROR - Locking me up
ERROR - Locking me up
ERROR - Locking me up
ERROR - Locking me up
ERROR - Locking me up
ERROR - Locking me up
ERROR - Locking me up
ERROR - Locking me up
ERROR - Locking me up
ERROR - Locking me up
ERROR - Locking me up
ERROR - Locking me up
ERROR - Locking me up
ERROR - Locking me up
ERROR - Locking me up
ERROR - Locking me up
ERROR - Locking me up
ERROR - Locking me up
ERROR - Locking me up
ERROR - Locking me up
ERROR - Locking me up
ERROR - Locking me up
ERROR - Locking me up
ERROR - Locking me up
ERROR - Locking me up
ERROR - Locking me up
ERROR - Locking me up
ERROR - Locking me up
ERROR - Locking me up
ERROR - Locking me up
ERROR - Locking me up
ERROR - Locking me up
ERROR - Locking me up
ERROR - Locking me up
ERROR - Locking me up
ERROR - Locking me up
ERROR - Locking me up
ERROR - Locking me up
ERROR - Locking me up
ERROR - Locking me up
ERROR - Locking me up
ERROR - Locking me up
ERROR - Locking me up
ERROR - Locking me up
ERROR - Locking me up
ERROR - Locking me up
ERROR - Locking me up
ERROR - Locking me up
ERROR - Locking me up
ERROR - Locking me up
ERROR - Locking me up
ERROR - Locking me up
ERROR - Locking me up
ERROR - Locking me up
ERROR - Locking me up
ERROR - Locking me up
ERROR - Locking me up
ERROR - Locking me up
ERROR - Locking me up
ERROR - Locking me up
ERROR - Locking me up
ERROR - Locking me up
ERROR - Locking me up
ERROR - Locking me up
ERROR - Locking me up
ERROR - Locking me up
ERROR - Locking me up
ERROR - Locking me up
ERROR - Locking me up
ERROR - Locking me up
ERROR - Locking me up
ERROR - Locking me up
ERROR - Locking me up
ERROR - Locking me up
ERROR - Locking me up
ERROR - Locking me up
ERROR - Locking me up
ERROR - Locking me up
ERROR - Locking me up
ERROR - Locking me up
ERROR - Locking me up
ERROR - Locking me up
ERROR - Locking me up
ERROR - Locking me up
ERROR - Locking me up
ERROR - Locking me up
ERROR - Locking me up
ERROR - Locking me up
ERROR - Locking me up
ERROR - Locking me up
ERROR - Locking me up
ERROR - Locking me up
ERROR - Locking me up
ERROR - Locking me up
ERROR - Locking me up
ERROR - Locking me up
ERROR - Locking me up
ERROR - Locking me up
ERROR - Locking me up
ERROR - Locking me up
ERROR - Locking me up
ERROR - Locking me up
ERROR - Locking me up
ERROR - Locking me up
ERROR - Locking me up
ERROR - Locking me up
ERROR - Locking me up
ERROR - Locking me up
ERROR - Locking me up
ERROR - Locking me up
ERROR - Locking me up
ERROR - Locking me up
ERROR - Locking me up
ERROR - Locking me up
ERROR - Locking me up
ERROR - Locking me up
ERROR - Locking me up
ERROR - Locking me up
ERROR - Locking me up
ERROR - Locking me up
ERROR - Locking me up
ERROR - Locking me up
ERROR - Locking me up
ERROR - Locking me up
ERROR - Locking me up
ERROR - Locking me up
ERROR - Locking me up
ERROR - Locking me up
ERROR - Locking me up
ERROR - Locking me up
ERROR - Locking me up
ERROR - Locking me up
ERROR - Locking me up
ERROR - Locking me up
ERROR - Locking me up
ERROR - Locking me up
ERROR - Locking me up
ERROR - Locking me up
ERROR - Locking me up
ERROR - Locking me up
ERROR - Locking me up
ERROR - Locking me up
ERROR - Locking me up
ERROR - Locking me up
ERROR - Locking me up
ERROR - Locking me up
ERROR - Locking me up
ERROR - Locking me up
ERROR - Locking me up
ERROR - Locking me up
ERROR - Locking me up
ERROR - Locking me up
ERROR - Locking me up
ERROR - Locking me up
ERROR - Locking me up
ERROR - Locking me up
ERROR - Locking me up
ERROR - Locking me up
ERROR - Locking me up
ERROR - Locking me up
ERROR - Locking me up
ERROR - Locking me up
ERROR - Locking me up
ERROR - Locking me up
ERROR - Locking me up
ERROR - Locking me up
ERROR - Locking me up
ERROR - Locking me up
ERROR - Locking me up
ERROR - Locking me up
ERROR - Locking me up
ERROR - Locking me up
ERROR - Locking me up
ERROR - Locking me up
ERROR - Locking me up
ERROR - Locking me up
ERROR - Locking me up
ERROR - Locking me up
ERROR - Locking me up
ERROR - Locking me up
ERROR - Locking me up
ERROR - Locking me up
ERROR - Locking me up
ERROR - Locking me up
ERROR - Locking me up
ERROR - Locking me up
ERROR - Locking me up
ERROR - Locking me up
ERROR - Locking me up
ERROR - Locking me up
ERROR - Locking me up
ERROR - Locking me up
ERROR - Locking me up
ERROR - Locking me up
ERROR - Locking me up
ERROR - Locking me up
ERROR - Locking me up
ERROR - Locking me up
ERROR - Locking me up
ERROR - Locking me up
ERROR - Locking me up
ERROR - Locking me up
ERROR - Locking me up
ERROR - Locking me up
ERROR - Locking me up
ERROR - Locking me up
ERROR - Locking me up
ERROR - Locking me up
ERROR - Locking me up
ERROR - Locking me up
ERROR - Locking me up
ERROR - Locking me up
ERROR - Locking me up
ERROR - Locking me up
ERROR - Locking me up
ERROR - Locking me up
ERROR - Locking me up
ERROR - Locking me up
ERROR - Locking me up
ERROR - Locking me up
ERROR - Locking me up
ERROR - Locking me up
ERROR - Locking me up
ERROR - Locking me up
ERROR - Locking me up
ERROR - Locking me up
ERROR - Locking me up
ERROR - Locking me up
ERROR - Locking me up
ERROR - Locking me up
ERROR - Locking me up
ERROR - Locking me up
ERROR - Locking me up
ERROR - Locking me up
ERROR - Locking me up
ERROR - Locking me up
ERROR - Locking me up
ERROR - Locking me up
ERROR - Locking me up
ERROR - Locking me up
ERROR - Locking me up
ERROR - Locking me up
ERROR - Locking me up
ERROR - Locking me up
ERROR - Locking me up
ERROR - Locking me up
ERROR - Locking me up
ERROR - Locking me up
ERROR - Locking me up
ERROR - Locking me up
ERROR - Locking me up
ERROR - Locking me up
ERROR - Locking me up
ERROR - Locking me up
ERROR - Locking me up
ERROR - Locking me up
ERROR - Locking me up
ERROR - Locking me up
ERROR - Locking me up
ERROR - Locking me up
ERROR - Locking me up
ERROR - Locking me up
ERROR - Locking me up
ERROR - Locking me up
ERROR - Locking me up
ERROR - Locking me up
ERROR - Locking me up
ERROR - Locking me up
ERROR - Locking me up
ERROR - Locking me up
ERROR - Locking me up
ERROR - Locking me up
ERROR - Locking me up
ERROR - Locking me up
ERROR - Locking me up
ERROR - Locking me up
ERROR - Locking me up
ERROR - Locking me up
ERROR - Locking me up
ERROR - Locking me up
ERROR - Locking me up
ERROR - Locking me up
ERROR - Locking me up
ERROR - Locking me up
ERROR - Locking me up
ERROR - Locking me up
ERROR - Locking me up
ERROR - Locking me up
ERROR - Locking me up
ERROR - Locking me up

Finished test: Failed to reproduce the bug.
detecting forever waiting threads...
detecting forever waiting threads...
========================================================================
Detected suspicious forever waiting bug, all worker threads are waiting:

Thread[Thread-1,5,main] is waiting:
   at sun.misc.Unsafe.park(Native Method) 
   at java.util.concurrent.locks.LockSupport.parkNanos(LockSupport.java:338) 
   at com.runtimeverification.rvpredict.log.VolatileLoggingEngine$BufferCleaner.run(VolatileLoggingEngine.java:545) 

Thread[Thread-4,5,] is waiting:

Thread[Thread-13,5,] is waiting:

Thread[main,5,] is waiting:

Thread[Thread-7,5,] is waiting:

Thread[Thread-6,5,] is waiting:

Thread[Thread-11,5,] is waiting:

Thread[Thread-12,5,] is waiting:

Thread[Thread-8,5,] is waiting:

Thread[Thread-9,5,] is waiting:

Thread[Thread-10,5,] is waiting:
