
----------------Instrumented execution to record the trace-----------------
[RV-Predict] Log directory: /tmp/rv-predict8788335497428708234
[RV-Predict] Finished retransforming preloaded classes.
********************************
Starting test: pool46
Expected bug type: inconsistent synchronization
This test should finish in 30 seconds.
********************************

Now starting proper synchronized version:
Proper synchronized version's execution time is 305 ms
Now starting not synchronized version:
This could be an endless loop.
Not synchronized version's execution time is 56 ms
Data race on field org.apache.commons.pool.BaseObjectPool.closed:
    Write in thread 50
      > at org.apache.commons.pool.BaseObjectPool.close(BaseObjectPool.java:62)
        at org.apache.commons.pool.Test46$Writer.run(Test46.java:166)
    Thread 50 created by thread 1
        at org.apache.commons.pool.Test46.runTest(Test46.java:47)

    Read in thread 40
      > at org.apache.commons.pool.BaseObjectPool.isClosed(BaseObjectPool.java:73)
    Thread 40 created by thread 1
        at org.apache.commons.pool.Test46.runTest(Test46.java:44)


