
----------------Instrumented execution to record the trace-----------------
[RV-Predict] Log directory: /tmp/rv-predict118256387279787094
[RV-Predict] Finished retransforming preloaded classes.
********************************
Starting test: pool162
Expected bug type: wait-notify deadlock
This test should finish in 30 seconds.
********************************

detecting forever waiting threads...
detecting forever waiting threads...
========================================================================
Detected suspicious forever waiting bug, all worker threads are waiting:

Thread[Thread-1,5,main] is waiting:
   at sun.misc.Unsafe.park(Native Method) 
   at java.util.concurrent.locks.LockSupport.parkNanos(LockSupport.java:338) 
   at com.runtimeverification.rvpredict.log.VolatileLoggingEngine$BufferCleaner.run(VolatileLoggingEngine.java:545) 

Thread[main,5,main] is waiting:
   at java.lang.Object.wait(Native Method) 
   at com.runtimeverification.rvpredict.runtime.RVPredictRuntime.rvPredictWait(RVPredictRuntime.java:216) 
   at com.runtimeverification.rvpredict.runtime.RVPredictRuntime.rvPredictWait(RVPredictRuntime.java:199) 
   at org.apache.commons.pool.impl.GenericObjectPool.borrowObject(GenericObjectPool.java:1090) 
   at Test162.testWhenExhaustedBlockInterupt(Test162.java:220) 
   at Test162.main(Test162.java:262) 
