
----------------Instrumented execution to record the trace-----------------
[RV-Predict] Log directory: /tmp/rv-predict2760380738390879627
[RV-Predict] Finished retransforming preloaded classes.
********************************
Starting test: pool146
Expected bug type: wait-notify deadlock
This test should finish in 30 seconds.
********************************

detecting forever waiting threads...
detecting forever waiting threads...
========================================================================
Detected suspicious forever waiting bug, all worker threads are waiting:

Thread[main,5,main] is waiting:
   at java.lang.Object.wait(Native Method) 
   at com.runtimeverification.rvpredict.runtime.RVPredictRuntime.rvPredictWait(RVPredictRuntime.java:216) 
   at com.runtimeverification.rvpredict.runtime.RVPredictRuntime.rvPredictWait(RVPredictRuntime.java:199) 
   at org.apache.commons.pool.impl.GenericKeyedObjectPool.borrowObject(GenericKeyedObjectPool.java:1122) 
   at Test146.testBlockedKeyDoesNotBlockPoolImproved(Test146.java:72) 
   at Test146.main(Test146.java:50) 

Thread[Thread-1,5,main] is waiting:
   at sun.misc.Unsafe.park(Native Method) 
   at java.util.concurrent.locks.LockSupport.parkNanos(LockSupport.java:338) 
   at com.runtimeverification.rvpredict.log.VolatileLoggingEngine$BufferCleaner.run(VolatileLoggingEngine.java:545) 

Thread[Thread-3,5,main] is waiting:
   at java.lang.Object.wait(Native Method) 
   at com.runtimeverification.rvpredict.runtime.RVPredictRuntime.rvPredictWait(RVPredictRuntime.java:216) 
   at com.runtimeverification.rvpredict.runtime.RVPredictRuntime.rvPredictWait(RVPredictRuntime.java:199) 
   at org.apache.commons.pool.impl.GenericKeyedObjectPool.borrowObject(GenericKeyedObjectPool.java:1122) 
   at Test146$SimpleTestThread.run(Test146.java:98) 
   at java.lang.Thread.run(Thread.java:750) 
