********************************
Starting test: groovy3495
Expected bug type: race
********************************

java.lang.LinkageError: loader (instance of  org/codehaus/groovy/tools/RootLoader): attempted  duplicate class definition for name: "sun/awt/HKSCS"
	at java.lang.ClassLoader.defineClass1(Native Method)
	at java.lang.ClassLoader.defineClass(ClassLoader.java:756)
	at java.security.SecureClassLoader.defineClass(SecureClassLoader.java:142)
	at java.net.URLClassLoader.defineClass(URLClassLoader.java:473)
	at java.net.URLClassLoader.access$100(URLClassLoader.java:74)
	at java.net.URLClassLoader$1.run(URLClassLoader.java:369)
	at java.net.URLClassLoader$1.run(URLClassLoader.java:363)
	at java.security.AccessController.doPrivileged(Native Method)
	at java.net.URLClassLoader.findClass(URLClassLoader.java:362)
	at org.codehaus.groovy.tools.RootLoader.oldFindClass(RootLoader.java:152)
	at org.codehaus.groovy.tools.RootLoader.loadClass(RootLoader.java:124)
	at java.lang.ClassLoader.loadClass(ClassLoader.java:351)
	at Groovy3495$1.run(Groovy3495.java:82)
java.lang.LinkageError: loader (instance of  org/codehaus/groovy/tools/RootLoader): attempted  duplicate class definition for name: "sun/awt/HKSCS"
	at java.lang.ClassLoader.defineClass1(Native Method)
	at java.lang.ClassLoader.defineClass(ClassLoader.java:756)
	at java.security.SecureClassLoader.defineClass(SecureClassLoader.java:142)
	at java.net.URLClassLoader.defineClass(URLClassLoader.java:473)
	at java.net.URLClassLoader.access$100(URLClassLoader.java:74)
	at java.net.URLClassLoader$1.run(URLClassLoader.java:369)
	at java.net.URLClassLoader$1.run(URLClassLoader.java:363)
	at java.security.AccessController.doPrivileged(Native Method)
	at java.net.URLClassLoader.findClass(URLClassLoader.java:362)
	at org.codehaus.groovy.tools.RootLoader.oldFindClass(RootLoader.java:152)
	at org.codehaus.groovy.tools.RootLoader.loadClass(RootLoader.java:124)
	at java.lang.ClassLoader.loadClass(ClassLoader.java:351)
	at Groovy3495$1.run(Groovy3495.java:82)

Finished test: Bug has been reproduced successfully.
